<?xml version="1.0" encoding="UTF-8"?>
<!-- Generated by org.testng.reporters.JUnitReportReporter -->
<testsuite hostname="shannus-MacBook-Pro.local" failures="0" tests="2" name="TestNG.Axis.ParallelTesting" time="11.460" errors="0" timestamp="2024-02-26T17:32:13 IST" skipped="0">
  <testcase classname="TestNG.Axis.ParallelTesting" name="invokeEdge" time="4.845"/>
  <system-out/>
  <testcase classname="TestNG.Axis.ParallelTesting" name="invokeChrome" time="6.615"/>
  <system-out/>
</testsuite> <!-- TestNG.Axis.ParallelTesting -->
