<?xml version="1.0" encoding="UTF-8"?>
<!-- Generated by org.testng.reporters.JUnitReportReporter -->
<testsuite hostname="shannus-MacBook-Pro.local" failures="0" tests="3" name="TestNG.Axis.DependsonMethodeg" time="0.026" errors="0" timestamp="2024-02-26T15:14:21 IST" skipped="0">
  <testcase classname="TestNG.Axis.DependsonMethodeg" name="testcase2" time="0.005"/>
  <system-out/>
  <testcase classname="TestNG.Axis.DependsonMethodeg" name="testcase1" time="0.017"/>
  <system-out/>
  <testcase classname="TestNG.Axis.DependsonMethodeg" name="testcase3" time="0.004"/>
  <system-out/>
</testsuite> <!-- TestNG.Axis.DependsonMethodeg -->
