<?xml version="1.0" encoding="UTF-8"?>
<!-- Generated by org.testng.reporters.JUnitReportReporter -->
<testsuite hostname="shannus-MacBook-Pro.local" failures="0" tests="3" name="TestNG.Axis.EnableFalse" time="0.016" errors="0" timestamp="2024-02-26T16:25:15 IST" skipped="1">
  <testcase classname="TestNG.Axis.EnableFalse" name="testcase3" time="0.002"/>
  <system-out/>
  <testcase classname="TestNG.Axis.EnableFalse" name="testcase2" time="0.014"/>
  <system-out/>
  <testcase classname="TestNG.Axis.EnableFalse" name="testcase1">
    <skipped/>
  </testcase> <!-- testcase1 -->
  <system-out/>
</testsuite> <!-- TestNG.Axis.EnableFalse -->
