<?xml version="1.0" encoding="UTF-8"?>
<!-- Generated by org.testng.reporters.JUnitReportReporter -->
<testsuite hostname="shannus-MacBook-Pro.local" failures="0" tests="1" name="DataDriven.WriteToExcel" time="13.073" errors="0" timestamp="2024-02-27T14:08:05 IST" skipped="0">
  <testcase classname="DataDriven.WriteToExcel" name="fblogin" time="13.073"/>
  <system-out/>
</testsuite> <!-- DataDriven.WriteToExcel -->
