<?xml version="1.0" encoding="UTF-8"?>
<!-- Generated by org.testng.reporters.JUnitReportReporter -->
<testsuite hostname="shannus-MacBook-Pro.local" failures="0" tests="6" name="TestNG.Axis.Group" time="0.035" errors="0" timestamp="2024-02-26T16:03:43 IST" skipped="0">
  <testcase classname="TestNG.Axis.Group" name="T1" time="0.018"/>
  <system-out/>
  <testcase classname="TestNG.Axis.Group" name="T5" time="0.002"/>
  <system-out/>
  <testcase classname="TestNG.Axis.Group" name="T6" time="0.003"/>
  <system-out/>
  <testcase classname="TestNG.Axis.Group" name="T4" time="0.002"/>
  <system-out/>
  <testcase classname="TestNG.Axis.Group" name="T3" time="0.008"/>
  <system-out/>
  <testcase classname="TestNG.Axis.Group" name="T2" time="0.002"/>
  <system-out/>
</testsuite> <!-- TestNG.Axis.Group -->
