<?xml version="1.0" encoding="UTF-8"?>
<!-- Generated by org.testng.reporters.JUnitReportReporter -->
<testsuite hostname="shannus-MacBook-Pro.local" failures="0" tests="3" name="TestNG.Axis.Priority" time="0.029" errors="0" timestamp="2024-02-26T14:53:48 IST" skipped="0">
  <testcase classname="TestNG.Axis.Priority" name="testcase1" time="0.015"/>
  <system-out/>
  <testcase classname="TestNG.Axis.Priority" name="testcase2" time="0.002"/>
  <system-out/>
  <testcase classname="TestNG.Axis.Priority" name="testcase3" time="0.012"/>
  <system-out/>
</testsuite> <!-- TestNG.Axis.Priority -->
