<?xml version="1.0" encoding="UTF-8"?>
<!-- Generated by org.testng.reporters.JUnitReportReporter -->
<testsuite hostname="shannus-MacBook-Pro.local" failures="0" tests="1" name="TestNG.Axis.InvokeEdge" time="9.999" errors="0" timestamp="2024-02-26T17:27:15 IST" skipped="0">
  <testcase classname="TestNG.Axis.InvokeEdge" name="invokeEdge" time="9.999"/>
  <system-out/>
</testsuite> <!-- TestNG.Axis.InvokeEdge -->
