<?xml version="1.0" encoding="UTF-8"?>
<!-- Generated by org.testng.reporters.JUnitReportReporter -->
<testsuite hostname="shannus-MacBook-Pro.local" failures="0" tests="1" name="TestNG.Axis.NewTest" time="0.020" errors="0" timestamp="2024-02-26T14:39:04 IST" skipped="0">
  <testcase classname="TestNG.Axis.NewTest" name="testcasetesting" time="0.020"/>
  <system-out/>
</testsuite> <!-- TestNG.Axis.NewTest -->
