<?xml version="1.0" encoding="UTF-8"?>
<!-- Generated by org.testng.reporters.JUnitReportReporter -->
<testsuite hostname="shannus-MacBook-Pro.local" failures="0" tests="1" name="TestNG.Axis.HardAssert" time="7.692" errors="0" timestamp="2024-02-26T17:21:24 IST" skipped="0">
  <testcase classname="TestNG.Axis.HardAssert" name="testhardassert" time="7.692"/>
  <system-out/>
</testsuite> <!-- TestNG.Axis.HardAssert -->
