<?xml version="1.0" encoding="UTF-8"?>
<!-- Generated by org.testng.reporters.JUnitReportReporter -->
<testsuite hostname="shannus-MacBook-Pro.local" failures="0" tests="4" name="TestNG.Axis.Grouping" time="0.027" errors="0" timestamp="2024-02-26T15:16:57 IST" skipped="0">
  <testcase classname="TestNG.Axis.Grouping" name="Products" time="0.004"/>
  <system-out/>
  <testcase classname="TestNG.Axis.Grouping" name="login" time="0.005"/>
  <system-out/>
  <testcase classname="TestNG.Axis.Grouping" name="Payment" time="0.003"/>
  <system-out/>
  <testcase classname="TestNG.Axis.Grouping" name="AddtoCart" time="0.015"/>
  <system-out/>
</testsuite> <!-- TestNG.Axis.Grouping -->
