<?xml version="1.0" encoding="UTF-8"?>
<!-- Generated by org.testng.reporters.JUnitReportReporter -->
<testsuite hostname="shannus-MacBook-Pro.local" failures="0" tests="1" name="TestNG.Axis.InvokeChromeBrowser" time="5.403" errors="0" timestamp="2024-02-26T17:18:46 IST" skipped="0">
  <testcase classname="TestNG.Axis.InvokeChromeBrowser" name="invokechrome" time="5.403"/>
  <system-out/>
</testsuite> <!-- TestNG.Axis.InvokeChromeBrowser -->
