<?xml version="1.0" encoding="UTF-8"?>
<!-- Generated by org.testng.reporters.JUnitReportReporter -->
<testsuite hostname="shannus-MacBook-Pro.local" failures="0" tests="1" name="TestNG.Axis.ListenerTestClass" time="30.352" errors="0" timestamp="2024-02-27T11:11:49 IST" skipped="0">
  <testcase classname="TestNG.Axis.ListenerTestClass" name="invokechrome" time="30.352"/>
  <system-out/>
</testsuite> <!-- TestNG.Axis.ListenerTestClass -->
