<?xml version="1.0" encoding="UTF-8"?>
<!-- Generated by org.testng.reporters.JUnitReportReporter -->
<testsuite hostname="shannus-MacBook-Pro.local" failures="0" tests="1" name="DataDriven.ReadExcel" time="8.805" errors="0" timestamp="2024-02-27T12:51:16 IST" skipped="0">
  <testcase classname="DataDriven.ReadExcel" name="fblogin" time="8.805"/>
  <system-out/>
</testsuite> <!-- DataDriven.ReadExcel -->
