<?xml version="1.0" encoding="UTF-8"?>
<!-- Generated by org.testng.reporters.JUnitReportReporter -->
<testsuite hostname="shannus-MacBook-Pro.local" failures="0" tests="4" name="TestNG.Axis.annotationsEg" time="0.089" errors="0" timestamp="2024-02-27T11:05:15 IST" skipped="0">
  <testcase classname="TestNG.Axis.annotationsEg" name="testcase1" time="0.023"/>
  <system-out/>
  <testcase classname="TestNG.Axis.annotationsEg" name="testcase3" time="0.034"/>
  <system-out/>
  <testcase classname="TestNG.Axis.annotationsEg" name="testcase2" time="0.019"/>
  <system-out/>
  <testcase classname="TestNG.Axis.annotationsEg" name="testcase4" time="0.013"/>
  <system-out/>
</testsuite> <!-- TestNG.Axis.annotationsEg -->
